Determining if the pthread_create exist failed with the following output:
Change Dir: /home/johnson/git/slam_ws/build/CMakeFiles/CMakeTmp

Run Build Command:"/usr/bin/make" "cmTC_e706b/fast"
/usr/bin/make -f CMakeFiles/cmTC_e706b.dir/build.make CMakeFiles/cmTC_e706b.dir/build
make[1]: Entering directory '/home/johnson/git/slam_ws/build/CMakeFiles/CMakeTmp'
Building C object CMakeFiles/cmTC_e706b.dir/CheckSymbolExists.c.o
/usr/bin/cc     -o CMakeFiles/cmTC_e706b.dir/CheckSymbolExists.c.o   -c /home/johnson/git/slam_ws/build/CMakeFiles/CMakeTmp/CheckSymbolExists.c
Linking C executable cmTC_e706b
/usr/bin/cmake -E cmake_link_script CMakeFiles/cmTC_e706b.dir/link.txt --verbose=1
/usr/bin/cc       CMakeFiles/cmTC_e706b.dir/CheckSymbolExists.c.o  -o cmTC_e706b -rdynamic 
CMakeFiles/cmTC_e706b.dir/CheckSymbolExists.c.o：在函数‘main’中：
CheckSymbolExists.c:(.text+0x16)：对‘pthread_create’未定义的引用
collect2: error: ld returned 1 exit status
CMakeFiles/cmTC_e706b.dir/build.make:97: recipe for target 'cmTC_e706b' failed
make[1]: *** [cmTC_e706b] Error 1
make[1]: Leaving directory '/home/johnson/git/slam_ws/build/CMakeFiles/CMakeTmp'
Makefile:126: recipe for target 'cmTC_e706b/fast' failed
make: *** [cmTC_e706b/fast] Error 2

File /home/johnson/git/slam_ws/build/CMakeFiles/CMakeTmp/CheckSymbolExists.c:
/* */
#include <pthread.h>

int main(int argc, char** argv)
{
  (void)argv;
#ifndef pthread_create
  return ((int*)(&pthread_create))[argc];
#else
  (void)argc;
  return 0;
#endif
}

Determining if the function pthread_create exists in the pthreads failed with the following output:
Change Dir: /home/johnson/git/slam_ws/build/CMakeFiles/CMakeTmp

Run Build Command:"/usr/bin/make" "cmTC_3a33f/fast"
/usr/bin/make -f CMakeFiles/cmTC_3a33f.dir/build.make CMakeFiles/cmTC_3a33f.dir/build
make[1]: Entering directory '/home/johnson/git/slam_ws/build/CMakeFiles/CMakeTmp'
Building C object CMakeFiles/cmTC_3a33f.dir/CheckFunctionExists.c.o
/usr/bin/cc    -DCHECK_FUNCTION_EXISTS=pthread_create   -o CMakeFiles/cmTC_3a33f.dir/CheckFunctionExists.c.o   -c /usr/share/cmake-3.5/Modules/CheckFunctionExists.c
Linking C executable cmTC_3a33f
/usr/bin/cmake -E cmake_link_script CMakeFiles/cmTC_3a33f.dir/link.txt --verbose=1
/usr/bin/cc   -DCHECK_FUNCTION_EXISTS=pthread_create    CMakeFiles/cmTC_3a33f.dir/CheckFunctionExists.c.o  -o cmTC_3a33f -rdynamic -lpthreads 
/usr/bin/ld: 找不到 -lpthreads
collect2: error: ld returned 1 exit status
CMakeFiles/cmTC_3a33f.dir/build.make:97: recipe for target 'cmTC_3a33f' failed
make[1]: *** [cmTC_3a33f] Error 1
make[1]: Leaving directory '/home/johnson/git/slam_ws/build/CMakeFiles/CMakeTmp'
Makefile:126: recipe for target 'cmTC_3a33f/fast' failed
make: *** [cmTC_3a33f/fast] Error 2


Determining if the Q_WS_WIN exist failed with the following output:
Change Dir: /home/johnson/git/slam_ws/build/CMakeFiles/CMakeTmp

Run Build Command:"/usr/bin/make" "cmTC_ead7a/fast"
/usr/bin/make -f CMakeFiles/cmTC_ead7a.dir/build.make CMakeFiles/cmTC_ead7a.dir/build
make[1]: Entering directory '/home/johnson/git/slam_ws/build/CMakeFiles/CMakeTmp'
Building CXX object CMakeFiles/cmTC_ead7a.dir/CheckSymbolExists.cxx.o
/usr/bin/c++    -I/usr/include/qt4   -o CMakeFiles/cmTC_ead7a.dir/CheckSymbolExists.cxx.o -c /home/johnson/git/slam_ws/build/CMakeFiles/CMakeTmp/CheckSymbolExists.cxx
/home/johnson/git/slam_ws/build/CMakeFiles/CMakeTmp/CheckSymbolExists.cxx: In function ‘int main(int, char**)’:
/home/johnson/git/slam_ws/build/CMakeFiles/CMakeTmp/CheckSymbolExists.cxx:8:19: error: ‘Q_WS_WIN’ was not declared in this scope
   return ((int*)(&Q_WS_WIN))[argc];
                   ^
CMakeFiles/cmTC_ead7a.dir/build.make:65: recipe for target 'CMakeFiles/cmTC_ead7a.dir/CheckSymbolExists.cxx.o' failed
make[1]: *** [CMakeFiles/cmTC_ead7a.dir/CheckSymbolExists.cxx.o] Error 1
make[1]: Leaving directory '/home/johnson/git/slam_ws/build/CMakeFiles/CMakeTmp'
Makefile:126: recipe for target 'cmTC_ead7a/fast' failed
make: *** [cmTC_ead7a/fast] Error 2

File /home/johnson/git/slam_ws/build/CMakeFiles/CMakeTmp/CheckSymbolExists.cxx:
/* */
#include <QtCore/qglobal.h>

int main(int argc, char** argv)
{
  (void)argv;
#ifndef Q_WS_WIN
  return ((int*)(&Q_WS_WIN))[argc];
#else
  (void)argc;
  return 0;
#endif
}

Determining if the Q_WS_QWS exist failed with the following output:
Change Dir: /home/johnson/git/slam_ws/build/CMakeFiles/CMakeTmp

Run Build Command:"/usr/bin/make" "cmTC_74ed7/fast"
/usr/bin/make -f CMakeFiles/cmTC_74ed7.dir/build.make CMakeFiles/cmTC_74ed7.dir/build
make[1]: Entering directory '/home/johnson/git/slam_ws/build/CMakeFiles/CMakeTmp'
Building CXX object CMakeFiles/cmTC_74ed7.dir/CheckSymbolExists.cxx.o
/usr/bin/c++    -I/usr/include/qt4   -o CMakeFiles/cmTC_74ed7.dir/CheckSymbolExists.cxx.o -c /home/johnson/git/slam_ws/build/CMakeFiles/CMakeTmp/CheckSymbolExists.cxx
/home/johnson/git/slam_ws/build/CMakeFiles/CMakeTmp/CheckSymbolExists.cxx: In function ‘int main(int, char**)’:
/home/johnson/git/slam_ws/build/CMakeFiles/CMakeTmp/CheckSymbolExists.cxx:8:19: error: ‘Q_WS_QWS’ was not declared in this scope
   return ((int*)(&Q_WS_QWS))[argc];
                   ^
CMakeFiles/cmTC_74ed7.dir/build.make:65: recipe for target 'CMakeFiles/cmTC_74ed7.dir/CheckSymbolExists.cxx.o' failed
make[1]: *** [CMakeFiles/cmTC_74ed7.dir/CheckSymbolExists.cxx.o] Error 1
make[1]: Leaving directory '/home/johnson/git/slam_ws/build/CMakeFiles/CMakeTmp'
Makefile:126: recipe for target 'cmTC_74ed7/fast' failed
make: *** [cmTC_74ed7/fast] Error 2

File /home/johnson/git/slam_ws/build/CMakeFiles/CMakeTmp/CheckSymbolExists.cxx:
/* */
#include <QtCore/qglobal.h>

int main(int argc, char** argv)
{
  (void)argv;
#ifndef Q_WS_QWS
  return ((int*)(&Q_WS_QWS))[argc];
#else
  (void)argc;
  return 0;
#endif
}

Determining if the Q_WS_MAC exist failed with the following output:
Change Dir: /home/johnson/git/slam_ws/build/CMakeFiles/CMakeTmp

Run Build Command:"/usr/bin/make" "cmTC_4ee12/fast"
/usr/bin/make -f CMakeFiles/cmTC_4ee12.dir/build.make CMakeFiles/cmTC_4ee12.dir/build
make[1]: Entering directory '/home/johnson/git/slam_ws/build/CMakeFiles/CMakeTmp'
Building CXX object CMakeFiles/cmTC_4ee12.dir/CheckSymbolExists.cxx.o
/usr/bin/c++    -I/usr/include/qt4   -o CMakeFiles/cmTC_4ee12.dir/CheckSymbolExists.cxx.o -c /home/johnson/git/slam_ws/build/CMakeFiles/CMakeTmp/CheckSymbolExists.cxx
/home/johnson/git/slam_ws/build/CMakeFiles/CMakeTmp/CheckSymbolExists.cxx: In function ‘int main(int, char**)’:
/home/johnson/git/slam_ws/build/CMakeFiles/CMakeTmp/CheckSymbolExists.cxx:8:19: error: ‘Q_WS_MAC’ was not declared in this scope
   return ((int*)(&Q_WS_MAC))[argc];
                   ^
CMakeFiles/cmTC_4ee12.dir/build.make:65: recipe for target 'CMakeFiles/cmTC_4ee12.dir/CheckSymbolExists.cxx.o' failed
make[1]: *** [CMakeFiles/cmTC_4ee12.dir/CheckSymbolExists.cxx.o] Error 1
make[1]: Leaving directory '/home/johnson/git/slam_ws/build/CMakeFiles/CMakeTmp'
Makefile:126: recipe for target 'cmTC_4ee12/fast' failed
make: *** [cmTC_4ee12/fast] Error 2

File /home/johnson/git/slam_ws/build/CMakeFiles/CMakeTmp/CheckSymbolExists.cxx:
/* */
#include <QtCore/qglobal.h>

int main(int argc, char** argv)
{
  (void)argv;
#ifndef Q_WS_MAC
  return ((int*)(&Q_WS_MAC))[argc];
#else
  (void)argc;
  return 0;
#endif
}

